2024-04-13 14:23:21,972:gamma.common:The specified file already exists: ./tmp/unit_test/exemple1_partition.json
2024-04-13 14:25:44,315:gamma.common:The specified file already exists: ./tmp/unit_test/exemple1_export_transformation.json
2024-04-13 14:25:44,316:gamma.common:The specified file already exists: ./tmp/unit_test/exemple2_export_transformation.json
2024-04-13 14:25:44,316:gamma.common:The specified file already exists: ./tmp/unit_test/exemple3_export_transformation.json
2024-04-13 14:25:44,317:gamma.common:The specified file already exists: ./tmp/unit_test/exemple5_export_transformation.json
2024-04-13 14:25:44,318:gamma.common:The specified file already exists: ./tmp/unit_test/exempleX_export_transformation.json
2024-04-13 14:25:44,319:gamma.common:The specified file already exists: ./tmp/unit_test/exempleXI_export_transformation.json
2024-04-13 14:28:22,555:gamma.common:The specified file already exists: ./tmp/unit_test/exemple1_export_transformation.json
2024-04-13 14:28:22,556:gamma.common:The specified file already exists: ./tmp/unit_test/exemple2_export_transformation.json
2024-04-13 14:28:22,556:gamma.common:The specified file already exists: ./tmp/unit_test/exemple3_export_transformation.json
2024-04-13 14:28:22,557:gamma.common:The specified file already exists: ./tmp/unit_test/exemple5_export_transformation.json
2024-04-13 14:28:22,558:gamma.common:The specified file already exists: ./tmp/unit_test/exempleX_export_transformation.json
2024-04-13 14:28:22,559:gamma.common:The specified file already exists: ./tmp/unit_test/exempleXI_export_transformation.json
2024-04-13 14:28:22,560:gamma.common:The specified file already exists: ./tmp/unit_test/exemple1_export_transformation.json
2024-04-13 14:29:02,002:gamma.common:The specified file already exists: ./tmp/unit_test/exemple1_export_transformation.json
2024-04-13 14:29:02,003:gamma.common:The specified file already exists: ./tmp/unit_test/exemple2_export_transformation.json
2024-04-13 14:29:02,003:gamma.common:The specified file already exists: ./tmp/unit_test/exemple3_export_transformation.json
2024-04-13 14:29:02,004:gamma.common:The specified file already exists: ./tmp/unit_test/exemple5_export_transformation.json
2024-04-13 14:29:02,005:gamma.common:The specified file already exists: ./tmp/unit_test/exempleX_export_transformation.json
2024-04-13 14:29:02,006:gamma.common:The specified file already exists: ./tmp/unit_test/exempleXI_export_transformation.json
2024-04-13 14:29:02,007:gamma.common:The specified file already exists: ./tmp/unit_test/exemple1_export_transformation.json
2024-04-13 14:29:02,007:gamma.common:The specified file already exists: ./tmp/unit_test/exemple2_export_transformation.json
2024-04-13 14:29:02,008:gamma.common:The specified file already exists: ./tmp/unit_test/exemple3_export_transformation.json
2024-04-13 14:29:02,008:gamma.common:The specified file already exists: ./tmp/unit_test/exemple5_export_transformation.json
2024-04-13 14:29:02,009:gamma.common:The specified file already exists: ./tmp/unit_test/exempleX_export_transformation.json
2024-04-13 14:29:02,010:gamma.common:The specified file already exists: ./tmp/unit_test/exempleXI_export_transformation.json
2024-04-13 14:32:43,022:gamma.common:The specified file already exists: ./tmp/unit_test/exemple1_export_transformation.json
2024-04-13 14:32:43,022:gamma.common:The specified file already exists: ./tmp/unit_test/exemple2_export_transformation.json
2024-04-13 14:32:43,023:gamma.common:The specified file already exists: ./tmp/unit_test/exemple3_export_transformation.json
2024-04-13 14:32:43,024:gamma.common:The specified file already exists: ./tmp/unit_test/exemple5_export_transformation.json
2024-04-13 14:32:43,024:gamma.common:The specified file already exists: ./tmp/unit_test/exempleX_export_transformation.json
2024-04-13 14:32:43,025:gamma.common:The specified file already exists: ./tmp/unit_test/exempleXI_export_transformation.json
2024-04-13 14:32:57,076:gamma.common:The specified file already exists: ./tmp/unit_test/exemple1_export_transformation.json
2024-04-13 14:32:57,077:gamma.common:The specified file already exists: ./tmp/unit_test/exemple2_export_transformation.json
2024-04-13 14:32:57,078:gamma.common:The specified file already exists: ./tmp/unit_test/exemple3_export_transformation.json
2024-04-13 14:32:57,078:gamma.common:The specified file already exists: ./tmp/unit_test/exemple5_export_transformation.json
2024-04-13 14:32:57,079:gamma.common:The specified file already exists: ./tmp/unit_test/exempleX_export_transformation.json
2024-04-13 14:32:57,080:gamma.common:The specified file already exists: ./tmp/unit_test/exempleXI_export_transformation.json
2024-04-13 14:33:12,264:gamma.common:The specified file already exists: ./tmp/unit_test/exemple1_export_transformation.json
2024-04-13 14:33:12,265:gamma.common:The specified file already exists: ./tmp/unit_test/exemple2_export_transformation.json
2024-04-13 14:33:12,266:gamma.common:The specified file already exists: ./tmp/unit_test/exemple3_export_transformation.json
2024-04-13 14:33:12,266:gamma.common:The specified file already exists: ./tmp/unit_test/exemple5_export_transformation.json
2024-04-13 14:33:12,267:gamma.common:The specified file already exists: ./tmp/unit_test/exempleX_export_transformation.json
2024-04-13 14:33:12,268:gamma.common:The specified file already exists: ./tmp/unit_test/exempleXI_export_transformation.json
2024-04-13 14:33:15,411:gamma.common:The specified file already exists: ./tmp/unit_test/exemple1_export_transformation.json
2024-04-13 14:33:15,412:gamma.common:The specified file already exists: ./tmp/unit_test/exemple2_export_transformation.json
2024-04-13 14:33:15,413:gamma.common:The specified file already exists: ./tmp/unit_test/exemple3_export_transformation.json
2024-04-13 14:33:15,413:gamma.common:The specified file already exists: ./tmp/unit_test/exemple5_export_transformation.json
2024-04-13 14:33:15,414:gamma.common:The specified file already exists: ./tmp/unit_test/exempleX_export_transformation.json
2024-04-13 14:33:15,415:gamma.common:The specified file already exists: ./tmp/unit_test/exempleXI_export_transformation.json
2024-04-13 16:04:10,200:gamma.common:The specified file already exists: ./tmp/unit_test/exemple1_export_transformation.json
2024-04-13 16:04:10,201:gamma.common:The specified file already exists: ./tmp/unit_test/exemple2_export_transformation.json
2024-04-13 16:04:10,202:gamma.common:The specified file already exists: ./tmp/unit_test/exemple3_export_transformation.json
2024-04-13 16:04:10,203:gamma.common:The specified file already exists: ./tmp/unit_test/exemple5_export_transformation.json
2024-04-13 16:04:10,203:gamma.common:The specified file already exists: ./tmp/unit_test/exempleX_export_transformation.json
2024-04-13 16:04:10,204:gamma.common:The specified file already exists: ./tmp/unit_test/exempleXI_export_transformation.json
2024-04-13 16:05:47,360:gamma.common:The specified file already exists: ./tmp/unit_test/exemple1_export_transformation.json
2024-04-13 16:05:47,361:gamma.common:The specified file already exists: ./tmp/unit_test/exemple2_export_transformation.json
2024-04-13 16:05:47,361:gamma.common:The specified file already exists: ./tmp/unit_test/exemple3_export_transformation.json
2024-04-13 16:05:47,362:gamma.common:The specified file already exists: ./tmp/unit_test/exemple5_export_transformation.json
2024-04-13 16:05:47,363:gamma.common:The specified file already exists: ./tmp/unit_test/exempleX_export_transformation.json
2024-04-13 16:05:47,364:gamma.common:The specified file already exists: ./tmp/unit_test/exempleXI_export_transformation.json
2024-04-13 16:05:47,365:gamma.common:The specified file already exists: ./tmp/unit_test/exemple1_export_transformation.json
2024-04-13 16:05:47,365:gamma.common:The specified file already exists: ./tmp/unit_test/exemple2_export_transformation.json
2024-04-13 16:05:47,366:gamma.common:The specified file already exists: ./tmp/unit_test/exemple3_export_transformation.json
2024-04-13 16:05:47,367:gamma.common:The specified file already exists: ./tmp/unit_test/exemple5_export_transformation.json
2024-04-13 16:05:47,368:gamma.common:The specified file already exists: ./tmp/unit_test/exempleX_export_transformation.json
2024-04-13 16:05:47,369:gamma.common:The specified file already exists: ./tmp/unit_test/exempleXI_export_transformation.json
2024-04-13 16:06:01,524:gamma.common:The specified file already exists: ./tmp/unit_test/exemple1_export_transformation.json
2024-04-13 16:06:01,524:gamma.common:The specified file already exists: ./tmp/unit_test/exemple2_export_transformation.json
2024-04-13 16:06:01,525:gamma.common:The specified file already exists: ./tmp/unit_test/exemple3_export_transformation.json
2024-04-13 16:06:01,525:gamma.common:The specified file already exists: ./tmp/unit_test/exemple5_export_transformation.json
2024-04-13 16:06:01,526:gamma.common:The specified file already exists: ./tmp/unit_test/exempleX_export_transformation.json
2024-04-13 16:06:01,527:gamma.common:The specified file already exists: ./tmp/unit_test/exempleXI_export_transformation.json
2024-04-13 16:06:19,919:gamma.common:The specified file already exists: ./tmp/unit_test/exemple1_export_transformation.json
2024-04-13 16:06:19,920:gamma.common:The specified file already exists: ./tmp/unit_test/exemple2_export_transformation.json
2024-04-13 16:06:19,920:gamma.common:The specified file already exists: ./tmp/unit_test/exemple3_export_transformation.json
2024-04-13 16:06:19,921:gamma.common:The specified file already exists: ./tmp/unit_test/exemple5_export_transformation.json
2024-04-13 16:06:19,921:gamma.common:The specified file already exists: ./tmp/unit_test/exempleX_export_transformation.json
2024-04-13 16:06:19,923:gamma.common:The specified file already exists: ./tmp/unit_test/exempleXI_export_transformation.json
2024-04-13 16:36:40,586:gamma.common:The specified file already exists: ./tmp/unit_test/exemple1_export_transformation.json
2024-04-13 16:36:40,586:gamma.common:The specified file already exists: ./tmp/unit_test/exemple2_export_transformation.json
2024-04-13 16:36:40,587:gamma.common:The specified file already exists: ./tmp/unit_test/exemple3_export_transformation.json
2024-04-13 16:36:40,587:gamma.common:The specified file already exists: ./tmp/unit_test/exemple5_export_transformation.json
2024-04-13 16:36:40,588:gamma.common:The specified file already exists: ./tmp/unit_test/exempleX_export_transformation.json
2024-04-13 16:36:40,589:gamma.common:The specified file already exists: ./tmp/unit_test/exempleXI_export_transformation.json
2024-04-13 17:27:35,623:gamma.common:The specified file already exists: ./tmp/unit_test/exemple1_export_transformation.json
2024-04-13 17:27:35,623:gamma.common:The specified file already exists: ./tmp/unit_test/exemple2_export_transformation.json
2024-04-13 17:27:35,624:gamma.common:The specified file already exists: ./tmp/unit_test/exemple3_export_transformation.json
2024-04-13 17:27:35,624:gamma.common:The specified file already exists: ./tmp/unit_test/exemple5_export_transformation.json
2024-04-13 17:27:35,625:gamma.common:The specified file already exists: ./tmp/unit_test/exempleX_export_transformation.json
2024-04-13 17:27:35,627:gamma.common:The specified file already exists: ./tmp/unit_test/exempleXI_export_transformation.json
2024-04-13 18:32:12,281:gamma.common:The specified file already exists: ./tmp/unit_test/exemple1_export_transformation.json
2024-04-13 18:32:12,282:gamma.common:The specified file already exists: ./tmp/unit_test/exemple2_export_transformation.json
2024-04-13 18:32:12,282:gamma.common:The specified file already exists: ./tmp/unit_test/exemple3_export_transformation.json
2024-04-13 18:32:12,283:gamma.common:The specified file already exists: ./tmp/unit_test/exemple5_export_transformation.json
2024-04-13 18:32:12,284:gamma.common:The specified file already exists: ./tmp/unit_test/exempleX_export_transformation.json
2024-04-13 18:32:12,285:gamma.common:The specified file already exists: ./tmp/unit_test/exempleXI_export_transformation.json
2024-04-14 18:03:22,128:gamma.common:The specified file already exists: ./tmp/i30-06/graphs/000000-NPP-i30-06.json
2024-04-14 18:03:22,129:gamma.common:The specified file already exists: ./tmp/i30-06/transformations/000000-NPP-i30-06-T.json
