2024-04-05 12:16:31,026:gamma.gamma:Trivial partition
2024-04-05 12:16:31,040:gamma.gamma:Trivial partition
2024-04-05 12:16:31,052:gamma.gamma:Trivial partition
2024-04-05 12:17:34,622:gamma.gamma:Trivial partition
2024-04-05 12:17:34,632:gamma.gamma:Trivial partition
2024-04-05 12:17:34,643:gamma.gamma:Trivial partition
2024-04-05 12:18:11,693:gamma.gamma:Trivial partition
2024-04-05 12:18:11,705:gamma.gamma:Trivial partition
2024-04-05 12:18:11,711:gamma.gamma:Trivial partition
2024-04-05 12:18:39,335:gamma.gamma:Trivial partition
2024-04-05 12:18:39,344:gamma.gamma:Trivial partition
2024-04-05 12:18:39,354:gamma.gamma:Trivial partition
2024-04-05 12:19:36,392:gamma.gamma:Trivial partition
2024-04-05 12:19:36,402:gamma.gamma:Trivial partition
2024-04-05 12:19:36,413:gamma.gamma:Trivial partition
2024-04-05 12:20:29,847:gamma.gamma:Trivial partition
2024-04-05 12:20:29,859:gamma.gamma:Trivial partition
2024-04-05 12:20:29,867:gamma.gamma:Trivial partition
2024-04-05 12:21:14,265:gamma.gamma:Trivial partition
2024-04-05 12:21:14,275:gamma.gamma:Trivial partition
2024-04-05 12:21:14,284:gamma.gamma:Trivial partition
2024-04-05 12:21:39,463:gamma.gamma:Trivial partition
2024-04-05 12:21:39,473:gamma.gamma:Trivial partition
2024-04-05 12:21:39,485:gamma.gamma:Trivial partition
2024-04-05 12:24:48,528:gamma.gamma:Trivial partition
2024-04-05 12:24:48,539:gamma.gamma:Trivial partition
2024-04-05 12:24:48,547:gamma.gamma:Trivial partition
2024-04-05 12:26:23,563:gamma.gamma:Trivial partition
2024-04-05 12:26:23,572:gamma.gamma:Trivial partition
2024-04-05 12:26:23,579:gamma.gamma:Trivial partition
2024-04-05 12:28:40,538:gamma.gamma:Trivial partition
2024-04-05 12:28:40,546:gamma.gamma:Trivial partition
2024-04-05 12:28:40,552:gamma.gamma:Trivial partition
2024-04-05 12:30:26,367:gamma.gamma:Trivial partition
2024-04-05 12:30:26,376:gamma.gamma:Trivial partition
2024-04-05 12:30:26,383:gamma.gamma:Trivial partition
2024-04-05 12:31:53,158:gamma.gamma:Trivial partition
2024-04-05 12:31:53,171:gamma.gamma:Trivial partition
2024-04-05 12:31:53,179:gamma.gamma:Trivial partition
2024-04-05 12:39:27,823:gamma.gamma:Trivial partition
2024-04-05 12:39:27,832:gamma.gamma:Trivial partition
2024-04-05 12:39:27,839:gamma.gamma:Trivial partition
2024-04-05 12:41:26,630:gamma.gamma:Trivial partition
2024-04-05 12:41:26,638:gamma.gamma:Trivial partition
2024-04-05 12:41:26,645:gamma.gamma:Trivial partition
2024-04-05 12:43:33,552:gamma.gamma:Trivial partition
2024-04-05 12:43:33,561:gamma.gamma:Trivial partition
2024-04-05 12:43:33,567:gamma.gamma:Trivial partition
2024-04-05 12:51:44,471:gamma.gamma:Trivial partition
2024-04-05 12:51:44,482:gamma.gamma:Trivial partition
2024-04-05 12:51:44,492:gamma.gamma:Trivial partition
2024-04-05 13:14:46,798:gamma.gamma:Trivial partition
2024-04-05 13:14:46,815:gamma.gamma:Trivial partition
2024-04-05 13:14:46,827:gamma.gamma:Trivial partition
2024-04-05 13:15:37,537:gamma.gamma:Trivial partition
2024-04-05 13:15:37,547:gamma.gamma:Trivial partition
2024-04-05 13:15:37,558:gamma.gamma:Trivial partition
2024-04-05 13:17:55,216:gamma.gamma:Trivial partition
2024-04-05 13:17:55,225:gamma.gamma:Trivial partition
2024-04-05 13:17:55,233:gamma.gamma:Trivial partition
2024-04-05 13:18:11,974:gamma.gamma:Trivial partition
2024-04-05 13:18:11,981:gamma.gamma:Trivial partition
2024-04-05 13:18:11,989:gamma.gamma:Trivial partition
2024-04-05 13:23:16,791:gamma.gamma:Trivial partition
2024-04-05 13:23:16,804:gamma.gamma:Trivial partition
2024-04-05 13:23:16,810:gamma.gamma:Trivial partition
2024-04-05 13:24:11,013:gamma.gamma:Trivial partition
2024-04-05 13:24:11,021:gamma.gamma:Trivial partition
2024-04-05 13:24:11,027:gamma.gamma:Trivial partition
2024-04-05 13:25:02,964:gamma.gamma:Trivial partition
2024-04-05 13:25:02,972:gamma.gamma:Trivial partition
2024-04-05 13:25:02,980:gamma.gamma:Trivial partition
2024-04-05 13:29:12,372:gamma.gamma:Trivial partition
2024-04-05 13:29:12,381:gamma.gamma:Trivial partition
2024-04-05 13:29:12,390:gamma.gamma:Trivial partition
2024-04-05 13:31:21,364:gamma.gamma:Trivial partition
2024-04-05 13:31:21,372:gamma.gamma:Trivial partition
2024-04-05 13:31:21,381:gamma.gamma:Trivial partition
2024-04-05 13:36:28,055:gamma.gamma:Trivial partition
2024-04-05 13:36:28,063:gamma.gamma:Trivial partition
2024-04-05 13:36:28,071:gamma.gamma:Trivial partition
2024-04-05 13:38:25,377:gamma.gamma:Trivial partition
2024-04-05 13:38:25,387:gamma.gamma:Trivial partition
2024-04-05 13:38:25,394:gamma.gamma:Trivial partition
2024-04-05 13:39:33,296:gamma.gamma:Trivial partition
2024-04-05 13:39:33,304:gamma.gamma:Trivial partition
2024-04-05 13:39:33,312:gamma.gamma:Trivial partition
2024-04-05 13:42:45,716:gamma.gamma:Trivial partition
2024-04-05 13:42:45,725:gamma.gamma:Trivial partition
2024-04-05 13:42:45,735:gamma.gamma:Trivial partition
2024-04-05 13:50:06,361:gamma.gamma:Trivial partition
2024-04-05 13:50:06,369:gamma.gamma:Trivial partition
2024-04-05 13:50:06,379:gamma.gamma:Trivial partition
2024-04-05 13:56:38,412:gamma.gamma:Trivial partition
2024-04-05 13:56:38,420:gamma.gamma:Trivial partition
2024-04-05 13:56:38,429:gamma.gamma:Trivial partition
2024-04-05 13:59:13,007:gamma.gamma:Trivial partition
2024-04-05 13:59:13,016:gamma.gamma:Trivial partition
2024-04-05 13:59:13,026:gamma.gamma:Trivial partition
2024-04-05 14:02:57,646:gamma.gamma:Trivial partition
2024-04-05 14:02:57,654:gamma.gamma:Trivial partition
2024-04-05 14:02:57,661:gamma.gamma:Trivial partition
2024-04-05 14:03:20,214:gamma.gamma:Trivial partition
2024-04-05 14:03:20,223:gamma.gamma:Trivial partition
2024-04-05 14:03:20,230:gamma.gamma:Trivial partition
2024-04-05 14:04:53,880:gamma.gamma:Trivial partition
2024-04-05 14:04:53,888:gamma.gamma:Trivial partition
2024-04-05 14:04:53,894:gamma.gamma:Trivial partition
2024-04-06 12:50:50,735:gamma.gamma:Trivial partition
2024-04-06 12:50:50,750:gamma.gamma:Trivial partition
2024-04-06 12:50:50,758:gamma.gamma:Trivial partition
2024-04-06 12:56:56,874:gamma.gamma:Trivial partition
2024-04-06 12:56:56,882:gamma.gamma:Trivial partition
2024-04-06 12:56:56,892:gamma.gamma:Trivial partition
2024-04-06 13:00:08,185:gamma.gamma:Trivial partition
2024-04-06 13:00:08,193:gamma.gamma:Trivial partition
2024-04-06 13:00:08,201:gamma.gamma:Trivial partition
2024-04-06 13:04:59,299:gamma.gamma:Trivial partition
2024-04-06 13:04:59,307:gamma.gamma:Trivial partition
2024-04-06 13:04:59,316:gamma.gamma:Trivial partition
2024-04-06 13:05:23,785:gamma.gamma:Trivial partition
2024-04-06 13:05:23,794:gamma.gamma:Trivial partition
2024-04-06 13:05:23,803:gamma.gamma:Trivial partition
2024-04-06 13:08:22,583:gamma.gamma:Trivial partition
2024-04-06 13:08:22,594:gamma.gamma:Trivial partition
2024-04-06 13:08:22,602:gamma.gamma:Trivial partition
2024-04-06 13:09:20,964:gamma.gamma:Trivial partition
2024-04-06 13:09:20,974:gamma.gamma:Trivial partition
2024-04-06 13:10:17,017:gamma.gamma:Trivial partition
2024-04-06 13:10:17,026:gamma.gamma:Trivial partition
2024-04-06 13:11:36,006:gamma.gamma:Trivial partition
2024-04-06 13:11:36,024:gamma.gamma:Trivial partition
2024-04-06 13:12:25,212:gamma.gamma:Trivial partition
2024-04-06 13:12:25,220:gamma.gamma:Trivial partition
2024-04-06 13:12:57,593:gamma.gamma:Trivial partition
2024-04-06 13:12:57,603:gamma.gamma:Trivial partition
2024-04-06 13:13:28,871:gamma.gamma:Trivial partition
2024-04-06 13:13:28,879:gamma.gamma:Trivial partition
2024-04-06 13:13:54,704:gamma.gamma:Trivial partition
2024-04-06 13:17:47,701:gamma.gamma:Trivial partition
2024-04-06 13:17:47,709:gamma.gamma:Trivial partition
2024-04-06 13:17:47,722:gamma.gamma:Trivial partition
2024-04-06 13:20:10,359:gamma.gamma:Trivial partition
2024-04-06 13:20:54,663:gamma.gamma:Trivial partition
2024-04-06 13:20:54,671:gamma.gamma:Trivial partition
2024-04-06 13:20:54,684:gamma.gamma:Trivial partition
2024-04-06 13:22:08,607:gamma.gamma:Trivial partition
2024-04-06 13:22:08,615:gamma.gamma:Trivial partition
2024-04-06 13:22:08,627:gamma.gamma:Trivial partition
2024-04-06 13:22:24,456:gamma.gamma:preprocess problem : True
2024-04-06 13:22:24,457:gamma.gamma:Trivial partition
2024-04-06 13:22:24,467:gamma.gamma:preprocess problem : False
2024-04-06 13:22:24,467:gamma.gamma:Trivial partition
2024-04-06 13:22:24,484:gamma.gamma:preprocess problem : True
2024-04-06 13:22:24,485:gamma.gamma:Trivial partition
2024-04-06 13:22:58,067:gamma.gamma:preprocess problem : True
2024-04-06 13:22:58,067:gamma.gamma:Trivial partition
2024-04-06 13:22:58,076:gamma.gamma:preprocess problem : False
2024-04-06 13:22:58,077:gamma.gamma:Trivial partition
2024-04-06 13:22:58,087:gamma.gamma:preprocess problem : True
2024-04-06 13:22:58,088:gamma.gamma:Trivial partition
2024-04-06 13:23:44,948:gamma.gamma:preprocess problem : False
2024-04-06 13:23:44,949:gamma.gamma:Trivial partition
2024-04-06 13:23:44,958:gamma.gamma:preprocess problem : False
2024-04-06 13:23:44,959:gamma.gamma:Trivial partition
2024-04-06 13:23:44,969:gamma.gamma:preprocess problem : True
2024-04-06 13:23:44,970:gamma.gamma:Trivial partition
2024-04-06 13:26:07,447:gamma.gamma:preprocess problem : False
2024-04-06 13:26:07,495:gamma.gamma:preprocess problem : False
2024-04-06 13:26:07,502:gamma.gamma:preprocess problem : True
2024-04-06 13:26:15,208:gamma.gamma:preprocess problem : False
2024-04-06 13:26:15,208:gamma.gamma:Trivial partition
2024-04-06 13:26:15,216:gamma.gamma:preprocess problem : True
2024-04-06 13:26:15,216:gamma.gamma:Trivial partition
2024-04-06 13:26:15,225:gamma.gamma:preprocess problem : False
2024-04-06 13:26:15,226:gamma.gamma:Trivial partition
2024-04-06 13:27:13,174:gamma.gamma:Trivial partition
2024-04-06 13:27:13,183:gamma.gamma:Trivial partition
2024-04-06 13:27:13,192:gamma.gamma:Trivial partition
2024-04-06 13:29:13,002:gamma.gamma:Trivial partition
2024-04-06 13:29:13,012:gamma.gamma:Trivial partition
2024-04-06 13:29:13,022:gamma.gamma:Trivial partition
2024-04-06 13:30:05,587:gamma.gamma:Trivial partition
2024-04-06 13:30:05,596:gamma.gamma:Trivial partition
2024-04-06 13:30:05,605:gamma.gamma:Trivial partition
2024-04-06 13:31:46,086:gamma.gamma:Trivial partition
2024-04-06 13:31:46,095:gamma.gamma:Trivial partition
2024-04-06 13:31:46,103:gamma.gamma:Trivial partition
2024-04-06 13:32:15,326:gamma.gamma:Trivial partition
2024-04-06 13:32:15,335:gamma.gamma:Trivial partition
2024-04-06 13:32:15,342:gamma.gamma:Trivial partition
2024-04-06 13:41:06,164:gamma.gamma:Trivial partition
2024-04-06 13:41:06,172:gamma.gamma:Trivial partition
2024-04-06 13:41:06,181:gamma.gamma:Trivial partition
2024-04-06 13:43:16,447:gamma.gamma:Trivial partition
2024-04-06 13:43:16,456:gamma.gamma:Trivial partition
2024-04-06 13:43:16,465:gamma.gamma:Trivial partition
2024-04-06 13:44:38,385:gamma.gamma:Trivial partition
2024-04-06 13:44:38,398:gamma.gamma:Trivial partition
2024-04-06 13:44:38,408:gamma.gamma:Trivial partition
2024-04-06 13:48:22,849:gamma.gamma:Trivial partition
2024-04-06 13:48:22,860:gamma.gamma:Trivial partition
2024-04-06 13:48:22,875:gamma.gamma:Trivial partition
2024-04-06 13:49:54,223:gamma.gamma:Trivial partition
2024-04-06 13:49:54,231:gamma.gamma:Trivial partition
2024-04-06 13:49:54,243:gamma.gamma:Trivial partition
2024-04-06 13:51:22,202:gamma.gamma:Trivial partition
2024-04-06 13:51:22,210:gamma.gamma:Trivial partition
2024-04-06 13:51:22,220:gamma.gamma:Trivial partition
2024-04-06 13:53:13,683:gamma.gamma:Trivial partition
2024-04-06 13:53:13,691:gamma.gamma:Trivial partition
2024-04-06 13:53:13,704:gamma.gamma:Trivial partition
2024-04-06 13:53:36,737:gamma.gamma:Trivial partition
2024-04-06 13:53:36,745:gamma.gamma:Trivial partition
2024-04-06 13:53:36,759:gamma.gamma:Trivial partition
2024-04-06 14:06:52,395:gamma.gamma:Trivial partition
2024-04-06 14:06:52,404:gamma.gamma:Trivial partition
2024-04-06 14:06:52,414:gamma.gamma:Trivial partition
2024-04-06 14:11:35,874:gamma.gamma:Trivial partition
2024-04-06 14:11:35,883:gamma.gamma:Trivial partition
2024-04-06 14:11:35,895:gamma.gamma:Trivial partition
2024-04-06 14:12:15,878:gamma.gamma:Trivial partition
2024-04-06 14:12:15,886:gamma.gamma:Trivial partition
2024-04-06 14:12:15,894:gamma.gamma:Trivial partition
2024-04-06 14:13:11,400:gamma.gamma:Trivial partition
2024-04-06 14:13:11,407:gamma.gamma:Trivial partition
2024-04-06 14:13:11,415:gamma.gamma:Trivial partition
2024-04-06 14:14:39,774:gamma.gamma:Trivial partition
2024-04-06 14:14:39,782:gamma.gamma:Trivial partition
2024-04-06 14:14:39,791:gamma.gamma:Trivial partition
2024-04-06 14:15:11,580:gamma.gamma:Trivial partition
2024-04-06 14:15:11,588:gamma.gamma:Trivial partition
2024-04-06 14:15:11,596:gamma.gamma:Trivial partition
2024-04-09 09:50:38,598:gamma.gamma:Trivial partition
2024-04-09 09:50:38,608:gamma.gamma:Trivial partition
2024-04-09 09:50:38,615:gamma.gamma:Trivial partition
2024-04-09 10:00:13,394:gamma.gamma:Trivial partition
2024-04-09 10:00:13,402:gamma.gamma:Trivial partition
2024-04-09 10:00:13,410:gamma.gamma:Trivial partition
2024-04-09 10:01:14,298:gamma.gamma:Trivial partition
2024-04-09 10:01:14,307:gamma.gamma:Trivial partition
2024-04-09 10:01:14,316:gamma.gamma:Trivial partition
2024-04-09 10:03:22,585:gamma.gamma:Trivial partition
2024-04-09 10:03:22,594:gamma.gamma:Trivial partition
2024-04-09 10:03:22,605:gamma.gamma:Trivial partition
2024-04-09 10:03:55,080:gamma.gamma:Trivial partition
2024-04-09 10:03:55,090:gamma.gamma:Trivial partition
2024-04-09 10:03:55,101:gamma.gamma:Trivial partition
2024-04-12 09:40:02,916:gamma.gamma:Trivial partition
2024-04-12 09:41:03,354:gamma.gamma:Trivial partition
2024-04-12 09:41:03,358:gamma.gamma:The specified file already exists: ./tmp/i30-06/small_2_4/graphs/000000-NPP-i30-06.json
2024-04-12 09:41:03,363:gamma.gamma:The specified file already exists: ./tmp/i30-06/small_2_4/graphs/000001-NPP-i30-06.json
2024-04-12 09:41:03,368:gamma.gamma:The specified file already exists: ./tmp/i30-06/small_2_4/graphs/000002-NPP-i30-06.json
2024-04-12 09:41:03,373:gamma.gamma:The specified file already exists: ./tmp/i30-06/small_2_4/graphs/000003-NPP-i30-06.json
2024-04-12 09:41:03,378:gamma.gamma:The specified file already exists: ./tmp/i30-06/small_2_4/graphs/000004-NPP-i30-06.json
2024-04-12 09:41:03,386:gamma.gamma:The specified file already exists: ./tmp/i30-06/small_2_4/graphs/000005-NPP-i30-06.json
2024-04-12 09:41:03,392:gamma.gamma:The specified file already exists: ./tmp/i30-06/small_2_4/graphs/000006-NPP-i30-06.json
2024-04-12 09:41:03,397:gamma.gamma:The specified file already exists: ./tmp/i30-06/small_2_4/graphs/000007-NPP-i30-06.json
2024-04-12 09:41:03,403:gamma.gamma:The specified file already exists: ./tmp/i30-06/small_2_4/graphs/000008-NPP-i30-06.json
2024-04-12 09:41:03,408:gamma.gamma:The specified file already exists: ./tmp/i30-06/small_2_4/graphs/000009-NPP-i30-06.json
2024-04-12 09:41:03,415:gamma.gamma:The specified file already exists: ./tmp/i30-06/small_2_4/graphs/000010-NPP-i30-06.json
2024-04-12 09:41:17,645:gamma.gamma:Trivial partition
2024-04-12 09:43:34,994:gamma.gamma:Trivial partition
2024-04-12 09:43:34,998:gamma.gamma:The specified file already exists: ./tmp/i30-06/small_2_4/graphs/000000-NPP-i30-06.json
2024-04-12 09:43:34,998:gamma.gamma:The specified file already exists: ./tmp/i30-06/small_2_4/transformations/000000-NPP-i30-06-T.pkl
2024-04-12 09:43:35,003:gamma.gamma:The specified file already exists: ./tmp/i30-06/small_2_4/graphs/000001-NPP-i30-06.json
2024-04-12 09:43:35,003:gamma.gamma:The specified file already exists: ./tmp/i30-06/small_2_4/transformations/000001-NPP-i30-06-T.pkl
2024-04-12 09:43:35,008:gamma.gamma:The specified file already exists: ./tmp/i30-06/small_2_4/graphs/000002-NPP-i30-06.json
2024-04-12 09:43:35,008:gamma.gamma:The specified file already exists: ./tmp/i30-06/small_2_4/transformations/000002-NPP-i30-06-T.pkl
2024-04-12 09:43:35,013:gamma.gamma:The specified file already exists: ./tmp/i30-06/small_2_4/graphs/000003-NPP-i30-06.json
2024-04-12 09:43:35,013:gamma.gamma:The specified file already exists: ./tmp/i30-06/small_2_4/transformations/000003-NPP-i30-06-T.pkl
2024-04-12 09:43:35,018:gamma.gamma:The specified file already exists: ./tmp/i30-06/small_2_4/graphs/000004-NPP-i30-06.json
2024-04-12 09:43:35,018:gamma.gamma:The specified file already exists: ./tmp/i30-06/small_2_4/transformations/000004-NPP-i30-06-T.pkl
2024-04-12 09:43:35,024:gamma.gamma:The specified file already exists: ./tmp/i30-06/small_2_4/graphs/000005-NPP-i30-06.json
2024-04-12 09:43:35,024:gamma.gamma:The specified file already exists: ./tmp/i30-06/small_2_4/transformations/000005-NPP-i30-06-T.pkl
2024-04-12 09:43:35,030:gamma.gamma:The specified file already exists: ./tmp/i30-06/small_2_4/graphs/000006-NPP-i30-06.json
2024-04-12 09:43:35,030:gamma.gamma:The specified file already exists: ./tmp/i30-06/small_2_4/transformations/000006-NPP-i30-06-T.pkl
2024-04-12 09:43:35,035:gamma.gamma:The specified file already exists: ./tmp/i30-06/small_2_4/graphs/000007-NPP-i30-06.json
2024-04-12 09:43:35,035:gamma.gamma:The specified file already exists: ./tmp/i30-06/small_2_4/transformations/000007-NPP-i30-06-T.pkl
2024-04-12 09:43:35,039:gamma.gamma:The specified file already exists: ./tmp/i30-06/small_2_4/graphs/000008-NPP-i30-06.json
2024-04-12 09:43:35,039:gamma.gamma:The specified file already exists: ./tmp/i30-06/small_2_4/transformations/000008-NPP-i30-06-T.pkl
2024-04-12 09:43:35,044:gamma.gamma:The specified file already exists: ./tmp/i30-06/small_2_4/graphs/000009-NPP-i30-06.json
2024-04-12 09:43:35,044:gamma.gamma:The specified file already exists: ./tmp/i30-06/small_2_4/transformations/000009-NPP-i30-06-T.pkl
2024-04-12 09:43:35,049:gamma.gamma:The specified file already exists: ./tmp/i30-06/small_2_4/graphs/000010-NPP-i30-06.json
2024-04-12 09:43:35,049:gamma.gamma:The specified file already exists: ./tmp/i30-06/small_2_4/transformations/000010-NPP-i30-06-T.pkl
2024-04-12 09:45:01,504:gamma.gamma:Trivial partition
2024-04-12 09:45:01,508:gamma.gamma:The specified file already exists: ./tmp/i30-06/small_2_4/graphs/000000-NPP-i30-06.json
2024-04-12 09:45:01,508:gamma.gamma:The specified file already exists: ./tmp/i30-06/small_2_4/transformations/000000-NPP-i30-06-T.pkl
2024-04-12 09:45:01,513:gamma.gamma:The specified file already exists: ./tmp/i30-06/small_2_4/graphs/000001-NPP-i30-06.json
2024-04-12 09:45:01,513:gamma.gamma:The specified file already exists: ./tmp/i30-06/small_2_4/transformations/000001-NPP-i30-06-T.pkl
2024-04-12 09:45:01,518:gamma.gamma:The specified file already exists: ./tmp/i30-06/small_2_4/graphs/000002-NPP-i30-06.json
2024-04-12 09:45:01,518:gamma.gamma:The specified file already exists: ./tmp/i30-06/small_2_4/transformations/000002-NPP-i30-06-T.pkl
2024-04-12 09:45:01,522:gamma.gamma:The specified file already exists: ./tmp/i30-06/small_2_4/graphs/000003-NPP-i30-06.json
2024-04-12 09:45:01,523:gamma.gamma:The specified file already exists: ./tmp/i30-06/small_2_4/transformations/000003-NPP-i30-06-T.pkl
2024-04-12 09:45:01,528:gamma.gamma:The specified file already exists: ./tmp/i30-06/small_2_4/graphs/000004-NPP-i30-06.json
2024-04-12 09:45:01,529:gamma.gamma:The specified file already exists: ./tmp/i30-06/small_2_4/transformations/000004-NPP-i30-06-T.pkl
2024-04-12 09:45:01,533:gamma.gamma:The specified file already exists: ./tmp/i30-06/small_2_4/graphs/000005-NPP-i30-06.json
2024-04-12 09:45:01,534:gamma.gamma:The specified file already exists: ./tmp/i30-06/small_2_4/transformations/000005-NPP-i30-06-T.pkl
2024-04-12 09:45:01,539:gamma.gamma:The specified file already exists: ./tmp/i30-06/small_2_4/graphs/000006-NPP-i30-06.json
2024-04-12 09:45:01,539:gamma.gamma:The specified file already exists: ./tmp/i30-06/small_2_4/transformations/000006-NPP-i30-06-T.pkl
2024-04-12 09:45:01,543:gamma.gamma:The specified file already exists: ./tmp/i30-06/small_2_4/graphs/000007-NPP-i30-06.json
2024-04-12 09:45:01,543:gamma.gamma:The specified file already exists: ./tmp/i30-06/small_2_4/transformations/000007-NPP-i30-06-T.pkl
2024-04-12 09:45:01,548:gamma.gamma:The specified file already exists: ./tmp/i30-06/small_2_4/graphs/000008-NPP-i30-06.json
2024-04-12 09:45:01,548:gamma.gamma:The specified file already exists: ./tmp/i30-06/small_2_4/transformations/000008-NPP-i30-06-T.pkl
2024-04-12 09:45:01,553:gamma.gamma:The specified file already exists: ./tmp/i30-06/small_2_4/graphs/000009-NPP-i30-06.json
2024-04-12 09:45:01,554:gamma.gamma:The specified file already exists: ./tmp/i30-06/small_2_4/transformations/000009-NPP-i30-06-T.pkl
2024-04-12 09:45:01,558:gamma.gamma:The specified file already exists: ./tmp/i30-06/small_2_4/graphs/000010-NPP-i30-06.json
2024-04-12 09:45:01,558:gamma.gamma:The specified file already exists: ./tmp/i30-06/small_2_4/transformations/000010-NPP-i30-06-T.pkl
2024-04-12 09:45:28,524:gamma.gamma:Trivial partition
2024-04-12 09:45:28,529:gamma.gamma:The specified file already exists: ./tmp/i30-06/small_2_4/graphs/000000-NPP-i30-06.json
2024-04-12 09:45:28,529:gamma.gamma:The specified file already exists: ./tmp/i30-06/small_2_4/transformations/000000-NPP-i30-06-T.pkl
2024-04-12 09:45:28,534:gamma.gamma:The specified file already exists: ./tmp/i30-06/small_2_4/graphs/000001-NPP-i30-06.json
2024-04-12 09:45:28,534:gamma.gamma:The specified file already exists: ./tmp/i30-06/small_2_4/transformations/000001-NPP-i30-06-T.pkl
2024-04-12 09:45:28,538:gamma.gamma:The specified file already exists: ./tmp/i30-06/small_2_4/graphs/000002-NPP-i30-06.json
2024-04-12 09:45:28,538:gamma.gamma:The specified file already exists: ./tmp/i30-06/small_2_4/transformations/000002-NPP-i30-06-T.pkl
2024-04-12 09:45:28,543:gamma.gamma:The specified file already exists: ./tmp/i30-06/small_2_4/graphs/000003-NPP-i30-06.json
2024-04-12 09:45:28,543:gamma.gamma:The specified file already exists: ./tmp/i30-06/small_2_4/transformations/000003-NPP-i30-06-T.pkl
2024-04-12 09:45:28,550:gamma.gamma:The specified file already exists: ./tmp/i30-06/small_2_4/graphs/000004-NPP-i30-06.json
2024-04-12 09:45:28,551:gamma.gamma:The specified file already exists: ./tmp/i30-06/small_2_4/transformations/000004-NPP-i30-06-T.pkl
2024-04-12 09:45:28,558:gamma.gamma:The specified file already exists: ./tmp/i30-06/small_2_4/graphs/000005-NPP-i30-06.json
2024-04-12 09:45:28,558:gamma.gamma:The specified file already exists: ./tmp/i30-06/small_2_4/transformations/000005-NPP-i30-06-T.pkl
2024-04-12 09:45:28,563:gamma.gamma:The specified file already exists: ./tmp/i30-06/small_2_4/graphs/000006-NPP-i30-06.json
2024-04-12 09:45:28,563:gamma.gamma:The specified file already exists: ./tmp/i30-06/small_2_4/transformations/000006-NPP-i30-06-T.pkl
2024-04-12 09:45:28,567:gamma.gamma:The specified file already exists: ./tmp/i30-06/small_2_4/graphs/000007-NPP-i30-06.json
2024-04-12 09:45:28,568:gamma.gamma:The specified file already exists: ./tmp/i30-06/small_2_4/transformations/000007-NPP-i30-06-T.pkl
2024-04-12 09:45:28,572:gamma.gamma:The specified file already exists: ./tmp/i30-06/small_2_4/graphs/000008-NPP-i30-06.json
2024-04-12 09:45:28,572:gamma.gamma:The specified file already exists: ./tmp/i30-06/small_2_4/transformations/000008-NPP-i30-06-T.pkl
2024-04-12 09:45:28,577:gamma.gamma:The specified file already exists: ./tmp/i30-06/small_2_4/graphs/000009-NPP-i30-06.json
2024-04-12 09:45:28,577:gamma.gamma:The specified file already exists: ./tmp/i30-06/small_2_4/transformations/000009-NPP-i30-06-T.pkl
2024-04-12 09:45:28,585:gamma.gamma:The specified file already exists: ./tmp/i30-06/small_2_4/graphs/000010-NPP-i30-06.json
2024-04-12 09:45:28,585:gamma.gamma:The specified file already exists: ./tmp/i30-06/small_2_4/transformations/000010-NPP-i30-06-T.pkl
2024-04-12 09:46:20,058:gamma.gamma:Trivial partition
2024-04-12 09:46:20,062:gamma.gamma:The specified file already exists: ./tmp/i30-06/small_2_4/graphs/000000-NPP-i30-06.json
2024-04-12 09:46:20,062:gamma.gamma:The specified file already exists: ./tmp/i30-06/small_2_4/transformations/000000-NPP-i30-06-T.pkl
2024-04-12 09:46:20,067:gamma.gamma:The specified file already exists: ./tmp/i30-06/small_2_4/graphs/000001-NPP-i30-06.json
2024-04-12 09:46:20,067:gamma.gamma:The specified file already exists: ./tmp/i30-06/small_2_4/transformations/000001-NPP-i30-06-T.pkl
2024-04-12 09:46:20,072:gamma.gamma:The specified file already exists: ./tmp/i30-06/small_2_4/graphs/000002-NPP-i30-06.json
2024-04-12 09:46:20,072:gamma.gamma:The specified file already exists: ./tmp/i30-06/small_2_4/transformations/000002-NPP-i30-06-T.pkl
2024-04-12 09:46:20,078:gamma.gamma:The specified file already exists: ./tmp/i30-06/small_2_4/graphs/000003-NPP-i30-06.json
2024-04-12 09:46:20,078:gamma.gamma:The specified file already exists: ./tmp/i30-06/small_2_4/transformations/000003-NPP-i30-06-T.pkl
2024-04-12 09:46:20,083:gamma.gamma:The specified file already exists: ./tmp/i30-06/small_2_4/graphs/000004-NPP-i30-06.json
2024-04-12 09:46:20,083:gamma.gamma:The specified file already exists: ./tmp/i30-06/small_2_4/transformations/000004-NPP-i30-06-T.pkl
2024-04-12 09:46:20,088:gamma.gamma:The specified file already exists: ./tmp/i30-06/small_2_4/graphs/000005-NPP-i30-06.json
2024-04-12 09:46:20,088:gamma.gamma:The specified file already exists: ./tmp/i30-06/small_2_4/transformations/000005-NPP-i30-06-T.pkl
2024-04-12 09:46:20,093:gamma.gamma:The specified file already exists: ./tmp/i30-06/small_2_4/graphs/000006-NPP-i30-06.json
2024-04-12 09:46:20,093:gamma.gamma:The specified file already exists: ./tmp/i30-06/small_2_4/transformations/000006-NPP-i30-06-T.pkl
2024-04-12 09:46:20,097:gamma.gamma:The specified file already exists: ./tmp/i30-06/small_2_4/graphs/000007-NPP-i30-06.json
2024-04-12 09:46:20,098:gamma.gamma:The specified file already exists: ./tmp/i30-06/small_2_4/transformations/000007-NPP-i30-06-T.pkl
2024-04-12 09:46:20,102:gamma.gamma:The specified file already exists: ./tmp/i30-06/small_2_4/graphs/000008-NPP-i30-06.json
2024-04-12 09:46:20,103:gamma.gamma:The specified file already exists: ./tmp/i30-06/small_2_4/transformations/000008-NPP-i30-06-T.pkl
2024-04-12 09:46:20,112:gamma.gamma:The specified file already exists: ./tmp/i30-06/small_2_4/graphs/000009-NPP-i30-06.json
2024-04-12 09:46:20,113:gamma.gamma:The specified file already exists: ./tmp/i30-06/small_2_4/transformations/000009-NPP-i30-06-T.pkl
2024-04-12 09:46:20,118:gamma.gamma:The specified file already exists: ./tmp/i30-06/small_2_4/graphs/000010-NPP-i30-06.json
2024-04-12 09:46:20,119:gamma.gamma:The specified file already exists: ./tmp/i30-06/small_2_4/transformations/000010-NPP-i30-06-T.pkl
2024-04-12 09:46:48,254:gamma.gamma:Trivial partition
2024-04-12 09:46:48,257:gamma.gamma:The specified file already exists: ./tmp/i30-06/small_2_4/graphs/000000-NPP-i30-06.json
2024-04-12 09:46:48,257:gamma.gamma:The specified file already exists: ./tmp/i30-06/small_2_4/transformations/000000-NPP-i30-06-T.pkl
2024-04-12 09:46:48,262:gamma.gamma:The specified file already exists: ./tmp/i30-06/small_2_4/graphs/000001-NPP-i30-06.json
2024-04-12 09:46:48,262:gamma.gamma:The specified file already exists: ./tmp/i30-06/small_2_4/transformations/000001-NPP-i30-06-T.pkl
2024-04-12 09:46:48,267:gamma.gamma:The specified file already exists: ./tmp/i30-06/small_2_4/graphs/000002-NPP-i30-06.json
2024-04-12 09:46:48,267:gamma.gamma:The specified file already exists: ./tmp/i30-06/small_2_4/transformations/000002-NPP-i30-06-T.pkl
2024-04-12 09:46:48,272:gamma.gamma:The specified file already exists: ./tmp/i30-06/small_2_4/graphs/000003-NPP-i30-06.json
2024-04-12 09:46:48,272:gamma.gamma:The specified file already exists: ./tmp/i30-06/small_2_4/transformations/000003-NPP-i30-06-T.pkl
2024-04-12 09:46:48,276:gamma.gamma:The specified file already exists: ./tmp/i30-06/small_2_4/graphs/000004-NPP-i30-06.json
2024-04-12 09:46:48,276:gamma.gamma:The specified file already exists: ./tmp/i30-06/small_2_4/transformations/000004-NPP-i30-06-T.pkl
2024-04-12 09:46:48,282:gamma.gamma:The specified file already exists: ./tmp/i30-06/small_2_4/graphs/000005-NPP-i30-06.json
2024-04-12 09:46:48,282:gamma.gamma:The specified file already exists: ./tmp/i30-06/small_2_4/transformations/000005-NPP-i30-06-T.pkl
2024-04-12 09:46:48,287:gamma.gamma:The specified file already exists: ./tmp/i30-06/small_2_4/graphs/000006-NPP-i30-06.json
2024-04-12 09:46:48,287:gamma.gamma:The specified file already exists: ./tmp/i30-06/small_2_4/transformations/000006-NPP-i30-06-T.pkl
2024-04-12 09:46:48,292:gamma.gamma:The specified file already exists: ./tmp/i30-06/small_2_4/graphs/000007-NPP-i30-06.json
2024-04-12 09:46:48,292:gamma.gamma:The specified file already exists: ./tmp/i30-06/small_2_4/transformations/000007-NPP-i30-06-T.pkl
2024-04-12 09:46:48,297:gamma.gamma:The specified file already exists: ./tmp/i30-06/small_2_4/graphs/000008-NPP-i30-06.json
2024-04-12 09:46:48,297:gamma.gamma:The specified file already exists: ./tmp/i30-06/small_2_4/transformations/000008-NPP-i30-06-T.pkl
2024-04-12 09:46:48,302:gamma.gamma:The specified file already exists: ./tmp/i30-06/small_2_4/graphs/000009-NPP-i30-06.json
2024-04-12 09:46:48,302:gamma.gamma:The specified file already exists: ./tmp/i30-06/small_2_4/transformations/000009-NPP-i30-06-T.pkl
2024-04-12 09:46:48,306:gamma.gamma:The specified file already exists: ./tmp/i30-06/small_2_4/graphs/000010-NPP-i30-06.json
2024-04-12 09:46:48,306:gamma.gamma:The specified file already exists: ./tmp/i30-06/small_2_4/transformations/000010-NPP-i30-06-T.pkl
2024-04-12 09:47:39,035:gamma.gamma:Trivial partition
2024-04-12 09:47:39,040:gamma.gamma:The specified file already exists: ./tmp/i30-06/small_2_4/graphs/000000-NPP-i30-06.json
2024-04-12 09:47:39,040:gamma.gamma:The specified file already exists: ./tmp/i30-06/small_2_4/transformations/000000-NPP-i30-06-T.pkl
2024-04-12 09:47:39,046:gamma.gamma:The specified file already exists: ./tmp/i30-06/small_2_4/graphs/000001-NPP-i30-06.json
2024-04-12 09:47:39,046:gamma.gamma:The specified file already exists: ./tmp/i30-06/small_2_4/transformations/000001-NPP-i30-06-T.pkl
2024-04-12 09:47:39,051:gamma.gamma:The specified file already exists: ./tmp/i30-06/small_2_4/graphs/000002-NPP-i30-06.json
2024-04-12 09:47:39,051:gamma.gamma:The specified file already exists: ./tmp/i30-06/small_2_4/transformations/000002-NPP-i30-06-T.pkl
2024-04-12 09:47:39,056:gamma.gamma:The specified file already exists: ./tmp/i30-06/small_2_4/graphs/000003-NPP-i30-06.json
2024-04-12 09:47:39,056:gamma.gamma:The specified file already exists: ./tmp/i30-06/small_2_4/transformations/000003-NPP-i30-06-T.pkl
2024-04-12 09:47:39,060:gamma.gamma:The specified file already exists: ./tmp/i30-06/small_2_4/graphs/000004-NPP-i30-06.json
2024-04-12 09:47:39,060:gamma.gamma:The specified file already exists: ./tmp/i30-06/small_2_4/transformations/000004-NPP-i30-06-T.pkl
2024-04-12 09:47:39,066:gamma.gamma:The specified file already exists: ./tmp/i30-06/small_2_4/graphs/000005-NPP-i30-06.json
2024-04-12 09:47:39,066:gamma.gamma:The specified file already exists: ./tmp/i30-06/small_2_4/transformations/000005-NPP-i30-06-T.pkl
2024-04-12 09:47:39,072:gamma.gamma:The specified file already exists: ./tmp/i30-06/small_2_4/graphs/000006-NPP-i30-06.json
2024-04-12 09:47:39,072:gamma.gamma:The specified file already exists: ./tmp/i30-06/small_2_4/transformations/000006-NPP-i30-06-T.pkl
2024-04-12 09:47:39,076:gamma.gamma:The specified file already exists: ./tmp/i30-06/small_2_4/graphs/000007-NPP-i30-06.json
2024-04-12 09:47:39,076:gamma.gamma:The specified file already exists: ./tmp/i30-06/small_2_4/transformations/000007-NPP-i30-06-T.pkl
2024-04-12 09:47:39,081:gamma.gamma:The specified file already exists: ./tmp/i30-06/small_2_4/graphs/000008-NPP-i30-06.json
2024-04-12 09:47:39,081:gamma.gamma:The specified file already exists: ./tmp/i30-06/small_2_4/transformations/000008-NPP-i30-06-T.pkl
2024-04-12 09:47:39,086:gamma.gamma:The specified file already exists: ./tmp/i30-06/small_2_4/graphs/000009-NPP-i30-06.json
2024-04-12 09:47:39,086:gamma.gamma:The specified file already exists: ./tmp/i30-06/small_2_4/transformations/000009-NPP-i30-06-T.pkl
2024-04-12 09:47:39,091:gamma.gamma:The specified file already exists: ./tmp/i30-06/small_2_4/graphs/000010-NPP-i30-06.json
2024-04-12 09:47:39,091:gamma.gamma:The specified file already exists: ./tmp/i30-06/small_2_4/transformations/000010-NPP-i30-06-T.pkl
2024-04-12 09:48:35,419:gamma.gamma:Trivial partition
2024-04-12 09:48:35,423:gamma.gamma:The specified file already exists: ./tmp/i30-06/small_2_4/graphs/000000-NPP-i30-06.json
2024-04-12 09:48:35,423:gamma.gamma:The specified file already exists: ./tmp/i30-06/small_2_4/transformations/000000-NPP-i30-06-T.pkl
2024-04-12 09:48:35,428:gamma.gamma:The specified file already exists: ./tmp/i30-06/small_2_4/graphs/000001-NPP-i30-06.json
2024-04-12 09:48:35,428:gamma.gamma:The specified file already exists: ./tmp/i30-06/small_2_4/transformations/000001-NPP-i30-06-T.pkl
2024-04-12 09:48:35,433:gamma.gamma:The specified file already exists: ./tmp/i30-06/small_2_4/graphs/000002-NPP-i30-06.json
2024-04-12 09:48:35,434:gamma.gamma:The specified file already exists: ./tmp/i30-06/small_2_4/transformations/000002-NPP-i30-06-T.pkl
2024-04-12 09:48:35,438:gamma.gamma:The specified file already exists: ./tmp/i30-06/small_2_4/graphs/000003-NPP-i30-06.json
2024-04-12 09:48:35,438:gamma.gamma:The specified file already exists: ./tmp/i30-06/small_2_4/transformations/000003-NPP-i30-06-T.pkl
2024-04-12 09:48:35,443:gamma.gamma:The specified file already exists: ./tmp/i30-06/small_2_4/graphs/000004-NPP-i30-06.json
2024-04-12 09:48:35,444:gamma.gamma:The specified file already exists: ./tmp/i30-06/small_2_4/transformations/000004-NPP-i30-06-T.pkl
2024-04-12 09:48:35,450:gamma.gamma:The specified file already exists: ./tmp/i30-06/small_2_4/graphs/000005-NPP-i30-06.json
2024-04-12 09:48:35,451:gamma.gamma:The specified file already exists: ./tmp/i30-06/small_2_4/transformations/000005-NPP-i30-06-T.pkl
2024-04-12 09:48:35,456:gamma.gamma:The specified file already exists: ./tmp/i30-06/small_2_4/graphs/000006-NPP-i30-06.json
2024-04-12 09:48:35,456:gamma.gamma:The specified file already exists: ./tmp/i30-06/small_2_4/transformations/000006-NPP-i30-06-T.pkl
2024-04-12 09:48:35,460:gamma.gamma:The specified file already exists: ./tmp/i30-06/small_2_4/graphs/000007-NPP-i30-06.json
2024-04-12 09:48:35,460:gamma.gamma:The specified file already exists: ./tmp/i30-06/small_2_4/transformations/000007-NPP-i30-06-T.pkl
2024-04-12 09:48:35,466:gamma.gamma:The specified file already exists: ./tmp/i30-06/small_2_4/graphs/000008-NPP-i30-06.json
2024-04-12 09:48:35,466:gamma.gamma:The specified file already exists: ./tmp/i30-06/small_2_4/transformations/000008-NPP-i30-06-T.pkl
2024-04-12 09:48:35,471:gamma.gamma:The specified file already exists: ./tmp/i30-06/small_2_4/graphs/000009-NPP-i30-06.json
2024-04-12 09:48:35,471:gamma.gamma:The specified file already exists: ./tmp/i30-06/small_2_4/transformations/000009-NPP-i30-06-T.pkl
2024-04-12 09:48:35,480:gamma.gamma:The specified file already exists: ./tmp/i30-06/small_2_4/graphs/000010-NPP-i30-06.json
2024-04-12 09:48:35,480:gamma.gamma:The specified file already exists: ./tmp/i30-06/small_2_4/transformations/000010-NPP-i30-06-T.pkl
2024-04-12 09:49:01,584:gamma.gamma:Trivial partition
2024-04-12 09:49:01,589:gamma.gamma:The specified file already exists: ./tmp/i30-06/small_2_4/graphs/000000-NPP-i30-06.json
2024-04-12 09:49:01,589:gamma.gamma:The specified file already exists: ./tmp/i30-06/small_2_4/transformations/000000-NPP-i30-06-T.pkl
2024-04-12 09:49:01,594:gamma.gamma:The specified file already exists: ./tmp/i30-06/small_2_4/graphs/000001-NPP-i30-06.json
2024-04-12 09:49:01,595:gamma.gamma:The specified file already exists: ./tmp/i30-06/small_2_4/transformations/000001-NPP-i30-06-T.pkl
2024-04-12 09:49:01,599:gamma.gamma:The specified file already exists: ./tmp/i30-06/small_2_4/graphs/000002-NPP-i30-06.json
2024-04-12 09:49:01,599:gamma.gamma:The specified file already exists: ./tmp/i30-06/small_2_4/transformations/000002-NPP-i30-06-T.pkl
2024-04-12 09:49:01,604:gamma.gamma:The specified file already exists: ./tmp/i30-06/small_2_4/graphs/000003-NPP-i30-06.json
2024-04-12 09:49:01,604:gamma.gamma:The specified file already exists: ./tmp/i30-06/small_2_4/transformations/000003-NPP-i30-06-T.pkl
2024-04-12 09:49:01,608:gamma.gamma:The specified file already exists: ./tmp/i30-06/small_2_4/graphs/000004-NPP-i30-06.json
2024-04-12 09:49:01,609:gamma.gamma:The specified file already exists: ./tmp/i30-06/small_2_4/transformations/000004-NPP-i30-06-T.pkl
2024-04-12 09:49:01,618:gamma.gamma:The specified file already exists: ./tmp/i30-06/small_2_4/graphs/000005-NPP-i30-06.json
2024-04-12 09:49:01,618:gamma.gamma:The specified file already exists: ./tmp/i30-06/small_2_4/transformations/000005-NPP-i30-06-T.pkl
2024-04-12 09:49:01,624:gamma.gamma:The specified file already exists: ./tmp/i30-06/small_2_4/graphs/000006-NPP-i30-06.json
2024-04-12 09:49:01,624:gamma.gamma:The specified file already exists: ./tmp/i30-06/small_2_4/transformations/000006-NPP-i30-06-T.pkl
2024-04-12 09:49:01,629:gamma.gamma:The specified file already exists: ./tmp/i30-06/small_2_4/graphs/000007-NPP-i30-06.json
2024-04-12 09:49:01,630:gamma.gamma:The specified file already exists: ./tmp/i30-06/small_2_4/transformations/000007-NPP-i30-06-T.pkl
2024-04-12 09:49:01,634:gamma.gamma:The specified file already exists: ./tmp/i30-06/small_2_4/graphs/000008-NPP-i30-06.json
2024-04-12 09:49:01,634:gamma.gamma:The specified file already exists: ./tmp/i30-06/small_2_4/transformations/000008-NPP-i30-06-T.pkl
2024-04-12 09:49:01,639:gamma.gamma:The specified file already exists: ./tmp/i30-06/small_2_4/graphs/000009-NPP-i30-06.json
2024-04-12 09:49:01,639:gamma.gamma:The specified file already exists: ./tmp/i30-06/small_2_4/transformations/000009-NPP-i30-06-T.pkl
2024-04-12 09:49:01,643:gamma.gamma:The specified file already exists: ./tmp/i30-06/small_2_4/graphs/000010-NPP-i30-06.json
2024-04-12 09:49:01,643:gamma.gamma:The specified file already exists: ./tmp/i30-06/small_2_4/transformations/000010-NPP-i30-06-T.pkl
2024-04-12 09:49:26,558:gamma.gamma:Trivial partition
2024-04-12 09:52:30,127:gamma.gamma:Trivial partition
2024-04-13 14:33:12,270:gamma.gamma:Trivial partition
2024-04-13 14:33:15,417:gamma.gamma:Trivial partition
2024-04-13 16:04:10,206:gamma.gamma:Trivial partition
2024-04-13 16:05:47,371:gamma.gamma:Trivial partition
2024-04-13 16:06:01,529:gamma.gamma:Trivial partition
2024-04-13 16:06:19,925:gamma.gamma:Trivial partition
2024-04-13 16:36:40,591:gamma.gamma:Trivial partition
2024-04-13 16:52:31,598:gamma.gamma:Trivial partition
2024-04-13 16:53:36,200:gamma.gamma:Trivial partition
2024-04-13 16:54:40,766:gamma.gamma:Trivial partition
2024-04-13 16:57:57,496:gamma.gamma:Trivial partition
2024-04-13 16:59:08,894:gamma.gamma:Trivial partition
2024-04-13 16:59:54,631:gamma.gamma:Trivial partition
2024-04-13 17:00:25,444:gamma.gamma:Trivial partition
2024-04-13 17:01:57,434:gamma.gamma:Trivial partition
2024-04-13 17:02:24,500:gamma.gamma:Trivial partition
2024-04-13 17:02:32,170:gamma.gamma:Trivial partition
2024-04-13 17:03:35,909:gamma.gamma:Trivial partition
2024-04-13 17:05:09,855:gamma.gamma:Trivial partition
2024-04-13 17:05:33,868:gamma.gamma:Trivial partition
2024-04-13 17:06:32,379:gamma.gamma:Trivial partition
2024-04-13 17:07:31,090:gamma.gamma:Trivial partition
2024-04-13 17:09:13,087:gamma.gamma:Trivial partition
2024-04-13 17:26:02,612:gamma.gamma:Trivial partition
2024-04-13 17:26:11,655:gamma.gamma:Trivial partition
2024-04-13 17:27:35,629:gamma.gamma:Trivial partition
2024-04-13 17:29:33,827:gamma.gamma:Trivial partition
2024-04-13 17:31:03,215:gamma.gamma:Trivial partition
2024-04-13 17:31:27,887:gamma.gamma:Trivial partition
2024-04-13 17:31:55,151:gamma.gamma:Trivial partition
2024-04-13 17:34:19,281:gamma.gamma:Trivial partition
2024-04-13 17:35:14,314:gamma.gamma:Trivial partition
2024-04-13 17:45:54,693:gamma.gamma:Trivial partition
2024-04-13 17:46:07,166:gamma.gamma:Trivial partition
2024-04-13 17:46:26,907:gamma.gamma:Trivial partition
2024-04-13 17:46:41,599:gamma.gamma:Trivial partition
2024-04-13 17:47:49,992:gamma.gamma:Trivial partition
2024-04-13 17:48:00,500:gamma.gamma:Trivial partition
2024-04-13 17:48:35,072:gamma.gamma:Trivial partition
2024-04-13 17:50:15,338:gamma.gamma:Trivial partition
2024-04-13 17:50:25,485:gamma.gamma:Trivial partition
2024-04-13 17:50:38,031:gamma.gamma:Trivial partition
2024-04-13 17:50:44,736:gamma.gamma:Trivial partition
2024-04-13 17:51:06,507:gamma.gamma:Trivial partition
2024-04-13 17:51:13,443:gamma.gamma:Trivial partition
2024-04-13 17:51:30,010:gamma.gamma:Trivial partition
2024-04-13 17:51:34,939:gamma.gamma:Trivial partition
2024-04-13 17:55:44,020:gamma.gamma:Trivial partition
2024-04-13 17:56:42,430:gamma.gamma:Trivial partition
2024-04-13 17:56:50,045:gamma.gamma:Trivial partition
2024-04-13 17:57:27,522:gamma.gamma:Trivial partition
2024-04-13 17:58:34,343:gamma.gamma:Trivial partition
2024-04-13 17:58:43,281:gamma.gamma:Trivial partition
2024-04-13 17:59:13,105:gamma.gamma:Trivial partition
2024-04-13 17:59:17,625:gamma.gamma:Trivial partition
